<?xml version="1.0" encoding="UTF-8"?>
<testng-results skipped="0" failed="0" ignored="0" total="2" passed="2">
  <reporter-output>
  </reporter-output>
  <suite name="DataProviderClass" duration-ms="46120" started-at="2017-08-03T07:43:28Z" finished-at="2017-08-03T07:44:14Z">
    <groups>
    </groups>
    <test name="Command line test" duration-ms="46120" started-at="2017-08-03T07:43:28Z" finished-at="2017-08-03T07:44:14Z">
      <class name="DataProviderClass">
        <test-method status="PASS" signature="test(java.lang.String, java.lang.String, java.lang.String)[pri:0, instance:DataProviderClass@3cb5cdba]" name="test" duration-ms="42753" started-at="2017-08-03T13:13:29Z" data-provider="data" finished-at="2017-08-03T13:14:12Z">
          <params>
            <param index="0">
              <value>
                <![CDATA[piyusharora@qainfotech.com]]>
              </value>
            </param>
            <param index="1">
              <value>
                <![CDATA[test]]>
              </value>
            </param>
            <param index="2">
              <value>
                <![CDATA[hello]]>
              </value>
            </param>
          </params>
          <reporter-output>
          </reporter-output>
        </test-method> <!-- test -->
        <test-method status="PASS" signature="test(java.lang.String, java.lang.String, java.lang.String)[pri:0, instance:DataProviderClass@3cb5cdba]" name="test" duration-ms="44551" started-at="2017-08-03T13:13:29Z" data-provider="data" finished-at="2017-08-03T13:14:14Z">
          <params>
            <param index="0">
              <value>
                <![CDATA[piyush.arora961@gmail.com]]>
              </value>
            </param>
            <param index="1">
              <value>
                <![CDATA[test1]]>
              </value>
            </param>
            <param index="2">
              <value>
                <![CDATA[hi]]>
              </value>
            </param>
          </params>
          <reporter-output>
          </reporter-output>
        </test-method> <!-- test -->
      </class> <!-- DataProviderClass -->
    </test> <!-- Command line test -->
  </suite> <!-- DataProviderClass -->
</testng-results>
